<?xml version="1.0" encoding="UTF-8"?>
<!-- Generated by org.testng.reporters.JUnitReportReporter -->
<testsuite hostname="Suyasha_Masand" failures="0" tests="1" name="com.BankoOversite.OpenAccount.TestScript.OpenAccount_Smoke_Test" time="13.780" errors="0" timestamp="2024-01-17T15:09:01 IST" skipped="0">
  <testcase classname="com.BankoOversite.OpenAccount.TestScript.OpenAccount_Smoke_Test" name="openAccountSmoke" time="13.780"/>
</testsuite> <!-- com.BankoOversite.OpenAccount.TestScript.OpenAccount_Smoke_Test -->
