<?xml version="1.0" encoding="UTF-8"?>
<!-- Generated by org.testng.reporters.JUnitReportReporter -->
<testsuite hostname="Suyasha_Masand" failures="0" tests="3" name="com.TestNG.CheckSuiteXMLFiletest" time="0.008" errors="0" timestamp="2024-01-23T15:29:15 IST" skipped="0">
  <testcase classname="com.TestNG.CheckSuiteXMLFiletest" name="test1" time="0.006"/>
  <testcase classname="com.TestNG.CheckSuiteXMLFiletest" name="test2" time="0.001"/>
  <testcase classname="com.TestNG.CheckSuiteXMLFiletest" name="test3" time="0.001"/>
  <system-out>
    <![CDATA[===OPEN DB CONNECTION=====
====LAUNCHING THE BROWSER=====
=====CLOSING THE BROWSER=====
====LAUNCHING THE BROWSER=====
=====CLOSING THE BROWSER=====
=====CLOSING DB CONNECTION]]>
  </system-out>
</testsuite> <!-- com.TestNG.CheckSuiteXMLFiletest -->
