<?xml version="1.0" encoding="UTF-8"?>
<!-- Generated by org.testng.reporters.JUnitReportReporter -->
<testsuite hostname="Suyasha_Masand" failures="0" tests="1" name="com.BankoOversight.InternetBanking.TestScript.InternetBankingRegister_smoke" time="14.801" errors="0" timestamp="2024-01-12T12:48:40 IST" skipped="0">
  <testcase classname="com.BankoOversight.InternetBanking.TestScript.InternetBankingRegister_smoke" name="internetBankingRegister" time="14.801"/>
</testsuite> <!-- com.BankoOversight.InternetBanking.TestScript.InternetBankingRegister_smoke -->
