<?xml version="1.0" encoding="UTF-8"?>
<!-- Generated by org.testng.reporters.JUnitReportReporter -->
<testsuite hostname="Suyasha_Masand" failures="0" tests="3" name="com.TestNG.checksuiteXMLFile2Test" time="0.003" errors="0" timestamp="2024-01-23T15:29:15 IST" skipped="0">
  <testcase classname="com.TestNG.checksuiteXMLFile2Test" name="test4" time="0.001"/>
  <testcase classname="com.TestNG.checksuiteXMLFile2Test" name="test5" time="0.000"/>
  <testcase classname="com.TestNG.checksuiteXMLFile2Test" name="test6" time="0.002"/>
  <system-out>
    <![CDATA[===OPEN DB CONNECTION=====
====LAUNCHING THE BROWSER=====
=====CLOSING THE BROWSER=====
====LAUNCHING THE BROWSER=====
=====CLOSING THE BROWSER=====
=====CLOSING DB CONNECTION]]>
  </system-out>
</testsuite> <!-- com.TestNG.checksuiteXMLFile2Test -->
