<?xml version="1.0" encoding="UTF-8"?>
<!-- Generated by org.testng.reporters.JUnitReportReporter -->
<testsuite hostname="Suyasha_Masand" failures="0" tests="2" name="com.TestNG.TestNGAnnotations_Test" time="0.010" errors="0" timestamp="2024-01-17T12:14:59 IST" skipped="0">
  <testcase classname="com.TestNG.TestNGAnnotations_Test" name="test2" time="0.003"/>
  <testcase classname="com.TestNG.TestNGAnnotations_Test" name="test1" time="0.007"/>
</testsuite> <!-- com.TestNG.TestNGAnnotations_Test -->
