<?xml version="1.0" encoding="UTF-8"?>
<!-- Generated by org.testng.reporters.JUnitReportReporter -->
<testsuite hostname="Suyasha_Masand" failures="0" tests="1" name="Banking_Project.OpenAccount_EndToEndTest" time="2.556" errors="0" timestamp="2024-01-10T12:02:18 IST" skipped="0">
  <testcase classname="Banking_Project.OpenAccount_EndToEndTest" name="test" time="2.556"/>
</testsuite> <!-- Banking_Project.OpenAccount_EndToEndTest -->
