<?xml version="1.0" encoding="UTF-8"?>
<!-- Generated by org.testng.reporters.JUnitReportReporter -->
<testsuite hostname="Suyasha_Masand" failures="0" tests="1" name="com.BankoOversight.DebitCard.TestScript.POM_DEBITCARD_ETE_Test" time="31.811" errors="0" timestamp="2024-01-18T19:49:37 IST" skipped="0">
  <testcase classname="com.BankoOversight.DebitCard.TestScript.POM_DEBITCARD_ETE_Test" name="openAccount" time="31.811"/>
</testsuite> <!-- com.BankoOversight.DebitCard.TestScript.POM_DEBITCARD_ETE_Test -->
