<?xml version="1.0" encoding="UTF-8"?>
<!-- Generated by org.testng.reporters.JUnitReportReporter -->
<testsuite hostname="Suyasha_Masand" failures="0" tests="1" name="Assignment.IRCTC_AssignmentTest" time="40.890" errors="0" timestamp="2024-01-24T10:14:37 IST" skipped="0">
  <testcase classname="Assignment.IRCTC_AssignmentTest" name="IrctcAssignment" time="40.890"/>
</testsuite> <!-- Assignment.IRCTC_AssignmentTest -->
