<?xml version="1.0" encoding="UTF-8"?>
<!-- Generated by org.testng.reporters.JUnitReportReporter -->
<testsuite hostname="Suyasha_Masand" failures="0" tests="1" name="com.BankoOversight.InternetBanking.TestScript.InternetBanking_Smoke" time="14.891" errors="0" timestamp="2024-01-12T12:45:59 IST" skipped="0">
  <testcase classname="com.BankoOversight.InternetBanking.TestScript.InternetBanking_Smoke" name="internetBanking" time="14.891"/>
</testsuite> <!-- com.BankoOversight.InternetBanking.TestScript.InternetBanking_Smoke -->
