<?xml version="1.0" encoding="UTF-8"?>
<!-- Generated by org.testng.reporters.JUnitReportReporter -->
<testsuite hostname="Suyasha_Masand" failures="0" tests="1" name="com.BankoOversite.OpenAccount.TestScript.POM_OA_SMOKE_Test" time="11.823" errors="0" timestamp="2024-01-18T10:08:08 IST" skipped="0">
  <testcase classname="com.BankoOversite.OpenAccount.TestScript.POM_OA_SMOKE_Test" name="openAccountSmoke" time="11.823"/>
</testsuite> <!-- com.BankoOversite.OpenAccount.TestScript.POM_OA_SMOKE_Test -->
