<?xml version="1.0" encoding="UTF-8"?>
<!-- Generated by org.testng.reporters.JUnitReportReporter -->
<testsuite hostname="Suyasha_Masand" failures="0" tests="1" name="com.BankoOversite.OpenAccount.TestScript.POM_OA_ETE_Test" time="9.142" errors="0" timestamp="2024-01-18T10:00:21 IST" skipped="0">
  <testcase classname="com.BankoOversite.OpenAccount.TestScript.POM_OA_ETE_Test" name="openAccount" time="9.142"/>
</testsuite> <!-- com.BankoOversite.OpenAccount.TestScript.POM_OA_ETE_Test -->
