<?xml version="1.0" encoding="UTF-8"?>
<!-- Generated by org.testng.reporters.JUnitReportReporter -->
<testsuite hostname="Suyasha_Masand" failures="0" tests="2" name="com.TestNG.PracticeTestNG_Test" time="0.009" errors="0" timestamp="2024-01-16T16:42:22 IST" skipped="0">
  <testcase classname="com.TestNG.PracticeTestNG_Test" name="editTest" time="0.002"/>
  <testcase classname="com.TestNG.PracticeTestNG_Test" name="deleteTest" time="0.007"/>
</testsuite> <!-- com.TestNG.PracticeTestNG_Test -->
