<?xml version="1.0" encoding="UTF-8"?>
<!-- Generated by org.testng.reporters.JUnitReportReporter -->
<testsuite hostname="Suyasha_Masand" failures="0" tests="2" name="com.TestNG.GroupExe2_Test" time="0.002" errors="0" timestamp="2024-01-17T12:50:46 IST" skipped="0">
  <testcase classname="com.TestNG.GroupExe2_Test" name="test6" time="0.001"/>
  <testcase classname="com.TestNG.GroupExe2_Test" name="test4" time="0.001"/>
</testsuite> <!-- com.TestNG.GroupExe2_Test -->
