<?xml version="1.0" encoding="UTF-8"?>
<!-- Generated by org.testng.reporters.JUnitReportReporter -->
<testsuite hostname="Suyasha_Masand" failures="0" tests="1" name="com.BankoOversite.OpenAccount.TestScript.OpenAccount_EndToEndTest" time="9.982" errors="0" timestamp="2024-01-17T15:04:59 IST" skipped="0">
  <testcase classname="com.BankoOversite.OpenAccount.TestScript.OpenAccount_EndToEndTest" name="openAccount" time="9.982"/>
</testsuite> <!-- com.BankoOversite.OpenAccount.TestScript.OpenAccount_EndToEndTest -->
