<?xml version="1.0" encoding="UTF-8"?>
<!-- Generated by org.testng.reporters.JUnitReportReporter -->
<testsuite hostname="Suyasha_Masand" failures="0" tests="1" name="com.BankoOversight.InternetBanking.TestScript.POM_IBLOGIN_Test" time="0.916" errors="0" timestamp="2024-01-23T15:04:03 IST" skipped="0">
  <testcase classname="com.BankoOversight.InternetBanking.TestScript.POM_IBLOGIN_Test" name="IbLogin" time="0.916"/>
  <system-out>
    <![CDATA[===OPEN DB CONNECTION=====
====LAUNCHING THE BROWSER=====
====LAUNCHING THE BROWSER=====
openAccountSmoke Execution Started 
=====CLOSING THE BROWSER=====
=====CLOSING THE BROWSER=====
====LAUNCHING THE BROWSER=====
=====CLOSING THE BROWSER=====
====LAUNCHING THE BROWSER=====
=====CLOSING THE BROWSER=====
=====CLOSING DB CONNECTION]]>
  </system-out>
</testsuite> <!-- com.BankoOversight.InternetBanking.TestScript.POM_IBLOGIN_Test -->
