<?xml version="1.0" encoding="UTF-8"?>
<!-- Generated by org.testng.reporters.JUnitReportReporter -->
<testsuite hostname="Suyasha_Masand" failures="0" tests="1" name="com.BankoOversight.CreditCustomer.Test.POM_CreditCustomer_Test" time="11.034" errors="0" timestamp="2024-01-18T13:01:57 IST" skipped="0">
  <testcase classname="com.BankoOversight.CreditCustomer.Test.POM_CreditCustomer_Test" name="creditCustomerEndToEnd" time="11.034"/>
</testsuite> <!-- com.BankoOversight.CreditCustomer.Test.POM_CreditCustomer_Test -->
