<?xml version="1.0" encoding="UTF-8"?>
<!-- Generated by org.testng.reporters.JUnitReportReporter -->
<testsuite hostname="Suyasha_Masand" failures="0" tests="2" name="com.TestNG.GroupExe1_Test" time="0.010" errors="0" timestamp="2024-01-17T12:50:46 IST" skipped="0">
  <testcase classname="com.TestNG.GroupExe1_Test" name="test3" time="0.002"/>
  <testcase classname="com.TestNG.GroupExe1_Test" name="test1" time="0.008"/>
</testsuite> <!-- com.TestNG.GroupExe1_Test -->
