<?xml version="1.0" encoding="UTF-8"?>
<!-- Generated by org.testng.reporters.JUnitReportReporter -->
<testsuite hostname="Suyasha_Masand" failures="0" tests="1" name="com.BankoOversight.DebitCard.TestScript.POM_DEBITCARD_BC_Test" time="20.556" errors="0" timestamp="2024-01-23T15:04:03 IST" skipped="0">
  <testcase classname="com.BankoOversight.DebitCard.TestScript.POM_DEBITCARD_BC_Test" name="DebitCard" time="20.556"/>
  <system-out>
    <![CDATA[===OPEN DB CONNECTION=====
====LAUNCHING THE BROWSER=====
====LAUNCHING THE BROWSER=====
openAccountSmoke Execution Started 
=====CLOSING THE BROWSER=====
=====CLOSING THE BROWSER=====
====LAUNCHING THE BROWSER=====
=====CLOSING THE BROWSER=====
====LAUNCHING THE BROWSER=====
=====CLOSING THE BROWSER=====
=====CLOSING DB CONNECTION]]>
  </system-out>
</testsuite> <!-- com.BankoOversight.DebitCard.TestScript.POM_DEBITCARD_BC_Test -->
